<?xml version="1.0" encoding="UTF-8"?>
<!-- Generated by org.testng.reporters.JUnitReportReporter -->
<testsuite hostname="DESKTOP-QVM6J4J" failures="0" tests="2" name="com.Test.verifyLoginFb_tc001" time="12.590" errors="0" timestamp="2022-04-30T14:55:12 IST" skipped="0">
  <testcase classname="com.Test.verifyLoginFb_tc001" name="verifyfblogin" time="5.021"/>
  <system-out/>
  <testcase classname="com.Test.verifyLoginFb_tc001" name="verifyfblogin" time="7.569"/>
  <system-out/>
</testsuite> <!-- com.Test.verifyLoginFb_tc001 -->
